<?xml version="1.0" encoding="UTF-8"?>
<!-- Generated by org.testng.reporters.JUnitXMLReporter -->
<testsuite ignored="2" hostname="guruswamykp" failures="0" tests="1" name="amazonAutomation" time="43.542" errors="0" timestamp="2026-04-27T02:06:51 IST">
  <testcase classname="com.amazon.tests.ShopFlow" name="selectMobileToBuy" time="43.495"/>
  <testcase classname="com.amazon.tests.ShopFlow" name="selectDeviceBySearchIcon" time="0.0">
    <ignored/>
  </testcase> <!-- selectDeviceBySearchIcon -->
  <testcase classname="com.amazon.tests.ShopFlow" name="getAllSearchResults" time="0.0">
    <ignored/>
  </testcase> <!-- getAllSearchResults -->
</testsuite> <!-- amazonAutomation -->
